<?xml version="1.0" encoding="UTF-8"?>
<testsuite xmlns:xsi="http://www.w3.org/2001/XMLSchema-instance" xsi:noNamespaceSchemaLocation="https://maven.apache.org/surefire/maven-surefire-plugin/xsd/surefire-test-report-3.0.xsd" version="3.0" name="com.seventeenlive.strategy.GreedyDeduplicationStrategyTest" time="0.284" tests="5" errors="0" skipped="0" failures="0">
  <properties>
[...]
</properties>
  <testcase name="testDeduplicateWithInvalidTopPositions" classname="com.seventeenlive.strategy.GreedyDeduplicationStrategyTest" time="0.187">
    <system-out><![CDATA[20:05:48.835 [main] WARN com.seventeenlive.strategy.GreedyDeduplicationStrategy -- Invalid topPositions value: 0
]]></system-out>
  </testcase>
  <testcase name="testDeduplicateWithNullList" classname="com.seventeenlive.strategy.GreedyDeduplicationStrategyTest" time="0.002">
    <system-out><![CDATA[20:05:48.873 [main] WARN com.seventeenlive.strategy.GreedyDeduplicationStrategy -- Empty or null sections provided
]]></system-out>
  </testcase>
  <testcase name="testDeduplicateWithNormalCase" classname="com.seventeenlive.strategy.GreedyDeduplicationStrategyTest" time="0.007">
    <system-out><![CDATA[20:05:48.877 [main] INFO com.seventeenlive.strategy.GreedyDeduplicationStrategy -- Starting deduplication for 2 sections with 3 top positions
20:05:48.878 [main] DEBUG com.seventeenlive.strategy.GreedyDeduplicationStrategy -- Processed section 'Section1' with 4 streamers
20:05:48.880 [main] DEBUG com.seventeenlive.strategy.GreedyDeduplicationStrategy -- Processed section 'Section2' with 3 streamers
20:05:48.880 [main] INFO com.seventeenlive.strategy.GreedyDeduplicationStrategy -- Deduplication completed for 2 sections
]]></system-out>
  </testcase>
  <testcase name="testDeduplicateWithEmptyList" classname="com.seventeenlive.strategy.GreedyDeduplicationStrategyTest" time="0.002">
    <system-out><![CDATA[20:05:48.886 [main] WARN com.seventeenlive.strategy.GreedyDeduplicationStrategy -- Empty or null sections provided
]]></system-out>
  </testcase>
  <testcase name="testDeduplicateWithSingleSection" classname="com.seventeenlive.strategy.GreedyDeduplicationStrategyTest" time="0.006">
    <system-out><![CDATA[20:05:48.890 [main] INFO com.seventeenlive.strategy.GreedyDeduplicationStrategy -- Starting deduplication for 1 sections with 3 top positions
20:05:48.890 [main] DEBUG com.seventeenlive.strategy.GreedyDeduplicationStrategy -- Processed section 'Section1' with 3 streamers
20:05:48.891 [main] INFO com.seventeenlive.strategy.GreedyDeduplicationStrategy -- Deduplication completed for 1 sections
]]></system-out>
  </testcase>
</testsuite>